TN:
SF:app.js
FN:15,(anonymous_0)
FN:20,(anonymous_1)
FNF:2
FNH:1
FNDA:0,(anonymous_0)
FNDA:2,(anonymous_1)
DA:5,1
DA:6,1
DA:7,1
DA:8,1
DA:10,1
DA:11,1
DA:15,1
DA:16,0
DA:20,1
DA:21,2
DA:22,2
DA:23,2
DA:24,2
DA:29,1
LF:14
LH:13
BRDA:21,0,0,2
BRDA:21,0,1,0
BRDA:23,1,0,0
BRDA:23,1,1,2
BRF:4
BRH:2
end_of_record
TN:
SF:expressError.js
FN:8,(anonymous_0)
FN:18,(anonymous_1)
FN:26,(anonymous_2)
FN:34,(anonymous_3)
FN:42,(anonymous_4)
FNF:5
FNH:2
FNDA:2,(anonymous_0)
FNDA:0,(anonymous_1)
FNDA:0,(anonymous_2)
FNDA:2,(anonymous_3)
FNDA:0,(anonymous_4)
DA:9,2
DA:10,2
DA:11,2
DA:19,0
DA:27,0
DA:35,2
DA:43,0
DA:47,1
LF:8
LH:5
BRDA:18,0,0,0
BRDA:26,1,0,0
BRDA:34,2,0,1
BRDA:42,3,0,0
BRF:4
BRH:1
end_of_record
TN:
SF:shipItApi.js
FN:14,shipProduct
FNF:1
FNH:0
FNDA:0,shipProduct
DA:3,1
DA:4,1
DA:6,1
DA:15,0
DA:17,0
DA:29,0
DA:32,1
LF:7
LH:4
BRF:0
BRH:0
end_of_record
TN:
SF:routes/shipments.js
FN:21,(anonymous_0)
FN:30,(anonymous_1)
FNF:2
FNH:2
FNDA:3,(anonymous_0)
FNDA:1,(anonymous_1)
DA:3,1
DA:4,1
DA:5,1
DA:7,1
DA:8,1
DA:11,1
DA:21,1
DA:22,3
DA:24,2
DA:26,2
DA:29,2
DA:30,1
DA:31,1
DA:34,1
DA:35,1
DA:36,1
DA:40,1
LF:17
LH:17
BRDA:22,0,0,1
BRDA:22,0,1,2
BRDA:29,1,0,1
BRDA:29,1,1,1
BRF:4
BRH:4
end_of_record
